This file contains any messages produced by compilers while
running configure, to aid debugging if configure makes a mistake.

It was created by Aquila configure 0.1.11-pre2-beta3, which was
generated by GNU Autoconf 2.61.  Invocation command line was

  $ ./configure --prefix=/home/hub/aquila/run --with-lua-prefix=/home/hub/lua-5.1.4/

## --------- ##
## Platform. ##
## --------- ##

hostname = 4242.hu
uname -m = x86_64
uname -r = 2.6.24-24-server
uname -s = Linux
uname -v = #1 SMP Wed Apr 15 15:41:09 UTC 2009

/usr/bin/uname -p = unknown
/bin/uname -X     = unknown

/bin/arch              = unknown
/usr/bin/arch -k       = unknown
/usr/convex/getsysinfo = unknown
/usr/bin/hostinfo      = unknown
/bin/machine           = unknown
/usr/bin/oslevel       = unknown
/bin/universe          = unknown

PATH: /home/hub/bin
PATH: /usr/local/sbin
PATH: /usr/local/bin
PATH: /usr/sbin
PATH: /usr/bin
PATH: /sbin
PATH: /bin
PATH: /usr/games
PATH: /home/sumo/bin
PATH: /home/hub/bin
PATH: /usr/lib/jvm/java-6-sun/bin


## ----------- ##
## Core tests. ##
## ----------- ##

configure:1926: checking for a BSD-compatible install
configure:1982: result: /usr/bin/install -c
configure:1993: checking whether build environment is sane
configure:2036: result: yes
configure:2101: checking for gawk
configure:2131: result: no
configure:2101: checking for mawk
configure:2117: found /usr/bin/mawk
configure:2128: result: mawk
configure:2139: checking whether make sets $(MAKE)
configure:2160: result: yes
configure:2397: checking for gcc
configure:2413: found /usr/bin/gcc
configure:2424: result: gcc
configure:2662: checking for C compiler version
configure:2669: gcc --version >&5
gcc (GCC) 4.2.4 (Ubuntu 4.2.4-1ubuntu4)
Copyright (C) 2007 Free Software Foundation, Inc.
This is free software; see the source for copying conditions.  There is NO
warranty; not even for MERCHANTABILITY or FITNESS FOR A PARTICULAR PURPOSE.

configure:2672: $? = 0
configure:2679: gcc -v >&5
Using built-in specs.
Target: x86_64-linux-gnu
Configured with: ../src/configure -v --enable-languages=c,c++,fortran,objc,obj-c++,treelang --prefix=/usr --enable-shared --with-system-zlib --libexecdir=/usr/lib --without-included-gettext --enable-threads=posix --enable-nls --with-gxx-include-dir=/usr/include/c++/4.2 --program-suffix=-4.2 --enable-clocale=gnu --enable-libstdcxx-debug --enable-objc-gc --enable-mpfr --enable-checking=release --build=x86_64-linux-gnu --host=x86_64-linux-gnu --target=x86_64-linux-gnu
Thread model: posix
gcc version 4.2.4 (Ubuntu 4.2.4-1ubuntu4)
configure:2682: $? = 0
configure:2689: gcc -V >&5
gcc: '-V' option must have argument
configure:2692: $? = 1
configure:2715: checking for C compiler default output file name
configure:2742: gcc    conftest.c  >&5
configure:2745: $? = 0
configure:2783: result: a.out
configure:2800: checking whether the C compiler works
configure:2810: ./a.out
configure:2813: $? = 0
configure:2830: result: yes
configure:2837: checking whether we are cross compiling
configure:2839: result: no
configure:2842: checking for suffix of executables
configure:2849: gcc -o conftest    conftest.c  >&5
configure:2852: $? = 0
configure:2876: result: 
configure:2882: checking for suffix of object files
configure:2908: gcc -c   conftest.c >&5
configure:2911: $? = 0
configure:2934: result: o
configure:2938: checking whether we are using the GNU C compiler
configure:2967: gcc -c   conftest.c >&5
configure:2973: $? = 0
configure:2990: result: yes
configure:2995: checking whether gcc accepts -g
configure:3025: gcc -c -g  conftest.c >&5
configure:3031: $? = 0
configure:3130: result: yes
configure:3147: checking for gcc option to accept ISO C89
configure:3221: gcc  -c -g -O2  conftest.c >&5
configure:3227: $? = 0
configure:3250: result: none needed
configure:3279: checking for style of include used by make
configure:3307: result: GNU
configure:3335: checking dependency style of gcc
configure:3425: result: gcc3
configure:3447: checking how to run the C preprocessor
configure:3487: gcc -E  conftest.c
configure:3493: $? = 0
configure:3524: gcc -E  conftest.c
conftest.c:10:28: error: ac_nonexistent.h: No such file or directory
configure:3530: $? = 1
configure: failed program was:
| /* confdefs.h.  */
| #define PACKAGE_NAME "Aquila"
| #define PACKAGE_TARNAME "aquila"
| #define PACKAGE_VERSION "0.1.11-pre2-beta3"
| #define PACKAGE_STRING "Aquila 0.1.11-pre2-beta3"
| #define PACKAGE_BUGREPORT "jove@users.berlios.de"
| #define PACKAGE "aquila"
| #define VERSION "0.1.11-pre2-beta3"
| /* end confdefs.h.  */
| #include <ac_nonexistent.h>
configure:3563: result: gcc -E
configure:3592: gcc -E  conftest.c
configure:3598: $? = 0
configure:3629: gcc -E  conftest.c
conftest.c:10:28: error: ac_nonexistent.h: No such file or directory
configure:3635: $? = 1
configure: failed program was:
| /* confdefs.h.  */
| #define PACKAGE_NAME "Aquila"
| #define PACKAGE_TARNAME "aquila"
| #define PACKAGE_VERSION "0.1.11-pre2-beta3"
| #define PACKAGE_STRING "Aquila 0.1.11-pre2-beta3"
| #define PACKAGE_BUGREPORT "jove@users.berlios.de"
| #define PACKAGE "aquila"
| #define VERSION "0.1.11-pre2-beta3"
| /* end confdefs.h.  */
| #include <ac_nonexistent.h>
configure:3673: checking whether gcc and cc understand -c and -o together
configure:3708: gcc -c conftest.c -o conftest2.o >&5
configure:3711: $? = 0
configure:3717: gcc -c conftest.c -o conftest2.o >&5
configure:3720: $? = 0
configure:3731: cc -c conftest.c >&5
configure:3734: $? = 0
configure:3742: cc -c conftest.c -o conftest2.o >&5
configure:3745: $? = 0
configure:3751: cc -c conftest.c -o conftest2.o >&5
configure:3754: $? = 0
configure:3772: result: yes
configure:3803: checking build system type
configure:3821: result: x86_64-unknown-linux-gnu
configure:3843: checking host system type
configure:3858: result: x86_64-unknown-linux-gnu
configure:3925: checking for gdb
configure:3941: found /usr/bin/gdb
configure:3952: result: gdb
configure:4021: checking for gprof
configure:4037: found /usr/bin/gprof
configure:4048: result: gprof
configure:4117: checking for strip
configure:4133: found /usr/bin/strip
configure:4144: result: strip
configure:4173: checking whether NLS is requested
configure:4182: result: yes
configure:4220: checking for msgfmt
configure: trying /usr/bin/msgfmt...
0 translated messages.
configure:4252: result: /usr/bin/msgfmt
configure:4261: checking for gmsgfmt
configure:4292: result: /usr/bin/msgfmt
configure:4343: checking for xgettext
configure: trying /usr/bin/xgettext...
/usr/bin/xgettext: warning: file `/dev/null' extension `' is unknown; will try C
configure:4375: result: /usr/bin/xgettext
configure:4421: checking for msgmerge
configure: trying /usr/bin/msgmerge...
configure:4452: result: /usr/bin/msgmerge
configure:4506: checking for ld used by GCC
configure:4570: result: /usr/bin/ld
configure:4579: checking if the linker (/usr/bin/ld) is GNU ld
configure:4592: result: yes
configure:4599: checking for shared library run path origin
configure:4612: result: done
configure:5049: checking for CFPreferencesCopyAppValue
configure:5077: gcc -o conftest -g -O2   conftest.c  -Wl,-framework -Wl,CoreFoundation >&5
conftest.c:10:42: error: CoreFoundation/CFPreferences.h: No such file or directory
conftest.c: In function 'main':
conftest.c:14: error: 'NULL' undeclared (first use in this function)
conftest.c:14: error: (Each undeclared identifier is reported only once
conftest.c:14: error: for each function it appears in.)
configure:5083: $? = 1
configure: failed program was:
| /* confdefs.h.  */
| #define PACKAGE_NAME "Aquila"
| #define PACKAGE_TARNAME "aquila"
| #define PACKAGE_VERSION "0.1.11-pre2-beta3"
| #define PACKAGE_STRING "Aquila 0.1.11-pre2-beta3"
| #define PACKAGE_BUGREPORT "jove@users.berlios.de"
| #define PACKAGE "aquila"
| #define VERSION "0.1.11-pre2-beta3"
| /* end confdefs.h.  */
| #include <CoreFoundation/CFPreferences.h>
| int
| main ()
| {
| CFPreferencesCopyAppValue(NULL, NULL)
|   ;
|   return 0;
| }
configure:5101: result: no
configure:5110: checking for CFLocaleCopyCurrent
configure:5138: gcc -o conftest -g -O2   conftest.c  -Wl,-framework -Wl,CoreFoundation >&5
conftest.c:10:37: error: CoreFoundation/CFLocale.h: No such file or directory
configure:5144: $? = 1
configure: failed program was:
| /* confdefs.h.  */
| #define PACKAGE_NAME "Aquila"
| #define PACKAGE_TARNAME "aquila"
| #define PACKAGE_VERSION "0.1.11-pre2-beta3"
| #define PACKAGE_STRING "Aquila 0.1.11-pre2-beta3"
| #define PACKAGE_BUGREPORT "jove@users.berlios.de"
| #define PACKAGE "aquila"
| #define VERSION "0.1.11-pre2-beta3"
| /* end confdefs.h.  */
| #include <CoreFoundation/CFLocale.h>
| int
| main ()
| {
| CFLocaleCopyCurrent();
|   ;
|   return 0;
| }
configure:5162: result: no
configure:5193: checking for GNU gettext in libc
configure:5222: gcc -o conftest -g -O2   conftest.c  >&5
configure:5228: $? = 0
configure:5245: result: yes
configure:5944: checking whether to use NLS
configure:5946: result: yes
configure:5949: checking where the gettext function comes from
configure:5960: result: libc
configure:7690: checking for crypt in -lcrypt
configure:7725: gcc -o conftest -g -O2   conftest.c -lcrypt   >&5
configure:7731: $? = 0
configure:7749: result: yes
configure:7770: checking for GeoIP_id_by_ipnum in -lGeoIP
configure:7805: gcc -o conftest -g -O2   conftest.c -lGeoIP   -lcrypt  >&5
configure:7811: $? = 0
configure:7829: result: yes
configure:7847: checking for deflate in -lz
configure:7882: gcc -o conftest -g -O2   conftest.c -lz  -lcrypt  >&5
configure:7888: $? = 0
configure:7906: result: yes
configure:7922: checking for pthread_create in -lpthread
configure:7957: gcc -o conftest -g -O2   conftest.c -lpthread  -lcrypt  >&5
configure:7963: $? = 0
configure:7981: result: yes
configure:8100: checking for ANSI C header files
configure:8130: gcc -c -g -O2  conftest.c >&5
configure:8136: $? = 0
configure:8264: result: no
configure:8301: checking fcntl.h usability
configure:8318: gcc -c -g -O2  conftest.c >&5
configure:8324: $? = 0
configure:8338: result: yes
configure:8342: checking fcntl.h presence
configure:8357: gcc -E  conftest.c
configure:8363: $? = 0
configure:8377: result: yes
configure:8410: checking for fcntl.h
configure:8418: result: yes
configure:8301: checking inttypes.h usability
configure:8318: gcc -c -g -O2  conftest.c >&5
configure:8324: $? = 0
configure:8338: result: yes
configure:8342: checking inttypes.h presence
configure:8357: gcc -E  conftest.c
configure:8363: $? = 0
configure:8377: result: yes
configure:8410: checking for inttypes.h
configure:8418: result: yes
configure:8301: checking stdint.h usability
configure:8318: gcc -c -g -O2  conftest.c >&5
configure:8324: $? = 0
configure:8338: result: yes
configure:8342: checking stdint.h presence
configure:8357: gcc -E  conftest.c
configure:8363: $? = 0
configure:8377: result: yes
configure:8410: checking for stdint.h
configure:8418: result: yes
configure:8301: checking stdlib.h usability
configure:8318: gcc -c -g -O2  conftest.c >&5
configure:8324: $? = 0
configure:8338: result: yes
configure:8342: checking stdlib.h presence
configure:8357: gcc -E  conftest.c
configure:8363: $? = 0
configure:8377: result: yes
configure:8410: checking for stdlib.h
configure:8418: result: yes
configure:8301: checking string.h usability
configure:8318: gcc -c -g -O2  conftest.c >&5
configure:8324: $? = 0
configure:8338: result: yes
configure:8342: checking string.h presence
configure:8357: gcc -E  conftest.c
configure:8363: $? = 0
configure:8377: result: yes
configure:8410: checking for string.h
configure:8418: result: yes
configure:8301: checking strings.h usability
configure:8318: gcc -c -g -O2  conftest.c >&5
configure:8324: $? = 0
configure:8338: result: yes
configure:8342: checking strings.h presence
configure:8357: gcc -E  conftest.c
configure:8363: $? = 0
configure:8377: result: yes
configure:8410: checking for strings.h
configure:8418: result: yes
configure:8301: checking sys/time.h usability
configure:8318: gcc -c -g -O2  conftest.c >&5
configure:8324: $? = 0
configure:8338: result: yes
configure:8342: checking sys/time.h presence
configure:8357: gcc -E  conftest.c
configure:8363: $? = 0
configure:8377: result: yes
configure:8410: checking for sys/time.h
configure:8418: result: yes
configure:8301: checking unistd.h usability
configure:8318: gcc -c -g -O2  conftest.c >&5
configure:8324: $? = 0
configure:8338: result: yes
configure:8342: checking unistd.h presence
configure:8357: gcc -E  conftest.c
configure:8363: $? = 0
configure:8377: result: yes
configure:8410: checking for unistd.h
configure:8418: result: yes
configure:8301: checking crypt.h usability
configure:8318: gcc -c -g -O2  conftest.c >&5
configure:8324: $? = 0
configure:8338: result: yes
configure:8342: checking crypt.h presence
configure:8357: gcc -E  conftest.c
configure:8363: $? = 0
configure:8377: result: yes
configure:8410: checking for crypt.h
configure:8418: result: yes
configure:8291: checking for string.h
configure:8297: result: yes
configure:8301: checking memory.h usability
configure:8318: gcc -c -g -O2  conftest.c >&5
configure:8324: $? = 0
configure:8338: result: yes
configure:8342: checking memory.h presence
configure:8357: gcc -E  conftest.c
configure:8363: $? = 0
configure:8377: result: yes
configure:8410: checking for memory.h
configure:8418: result: yes
configure:8291: checking for stdlib.h
configure:8297: result: yes
configure:8301: checking malloc.h usability
configure:8318: gcc -c -g -O2  conftest.c >&5
configure:8324: $? = 0
configure:8338: result: yes
configure:8342: checking malloc.h presence
configure:8357: gcc -E  conftest.c
configure:8363: $? = 0
configure:8377: result: yes
configure:8410: checking for malloc.h
configure:8418: result: yes
configure:8451: checking arpa/inet.h usability
configure:8468: gcc -c -g -O2  conftest.c >&5
configure:8474: $? = 0
configure:8488: result: yes
configure:8492: checking arpa/inet.h presence
configure:8507: gcc -E  conftest.c
configure:8513: $? = 0
configure:8527: result: yes
configure:8560: checking for arpa/inet.h
configure:8568: result: yes
configure:8451: checking netdb.h usability
configure:8468: gcc -c -g -O2  conftest.c >&5
configure:8474: $? = 0
configure:8488: result: yes
configure:8492: checking netdb.h presence
configure:8507: gcc -E  conftest.c
configure:8513: $? = 0
configure:8527: result: yes
configure:8560: checking for netdb.h
configure:8568: result: yes
configure:8451: checking netinet/in.h usability
configure:8468: gcc -c -g -O2  conftest.c >&5
configure:8474: $? = 0
configure:8488: result: yes
configure:8492: checking netinet/in.h presence
configure:8507: gcc -E  conftest.c
configure:8513: $? = 0
configure:8527: result: yes
configure:8560: checking for netinet/in.h
configure:8568: result: yes
configure:8451: checking netinet/tcp.h usability
configure:8468: gcc -c -g -O2  conftest.c >&5
configure:8474: $? = 0
configure:8488: result: yes
configure:8492: checking netinet/tcp.h presence
configure:8507: gcc -E  conftest.c
configure:8513: $? = 0
configure:8527: result: yes
configure:8560: checking for netinet/tcp.h
configure:8568: result: yes
configure:8451: checking sys/socket.h usability
configure:8468: gcc -c -g -O2  conftest.c >&5
configure:8474: $? = 0
configure:8488: result: yes
configure:8492: checking sys/socket.h presence
configure:8507: gcc -E  conftest.c
configure:8513: $? = 0
configure:8527: result: yes
configure:8560: checking for sys/socket.h
configure:8568: result: yes
configure:8451: checking locale.h usability
configure:8468: gcc -c -g -O2  conftest.c >&5
configure:8474: $? = 0
configure:8488: result: yes
configure:8492: checking locale.h presence
configure:8507: gcc -E  conftest.c
configure:8513: $? = 0
configure:8527: result: yes
configure:8560: checking for locale.h
configure:8568: result: yes
configure:8600: checking sys/epoll.h usability
configure:8617: gcc -c -g -O2  conftest.c >&5
configure:8623: $? = 0
configure:8637: result: yes
configure:8641: checking sys/epoll.h presence
configure:8656: gcc -E  conftest.c
configure:8662: $? = 0
configure:8676: result: yes
configure:8709: checking for sys/epoll.h
configure:8717: result: yes
configure:8750: checking sys/poll.h usability
configure:8767: gcc -c -g -O2  conftest.c >&5
configure:8773: $? = 0
configure:8787: result: yes
configure:8791: checking sys/poll.h presence
configure:8806: gcc -E  conftest.c
configure:8812: $? = 0
configure:8826: result: yes
configure:8859: checking for sys/poll.h
configure:8867: result: yes
configure:8904: checking GeoIP.h usability
configure:8921: gcc -c -g -O2   conftest.c >&5
configure:8927: $? = 0
configure:8941: result: yes
configure:8945: checking GeoIP.h presence
configure:8960: gcc -E   conftest.c
configure:8966: $? = 0
configure:8980: result: yes
configure:9013: checking for GeoIP.h
configure:9021: result: yes
configure:9066: checking zlib.h usability
configure:9083: gcc -c -g -O2  conftest.c >&5
configure:9089: $? = 0
configure:9103: result: yes
configure:9107: checking zlib.h presence
configure:9122: gcc -E  conftest.c
configure:9128: $? = 0
configure:9142: result: yes
configure:9175: checking for zlib.h
configure:9183: result: yes
configure:9396: checking lua.h usability
configure:9413: gcc -c -g -O2  -I/home/hub/lua-5.1.4//include conftest.c >&5
configure:9419: $? = 0
configure:9433: result: yes
configure:9437: checking lua.h presence
configure:9452: gcc -E  -I/home/hub/lua-5.1.4//include conftest.c
configure:9458: $? = 0
configure:9472: result: yes
configure:9505: checking for lua.h
configure:9513: result: yes
configure:9396: checking lualib.h usability
configure:9413: gcc -c -g -O2  -I/home/hub/lua-5.1.4//include conftest.c >&5
configure:9419: $? = 0
configure:9433: result: yes
configure:9437: checking lualib.h presence
configure:9452: gcc -E  -I/home/hub/lua-5.1.4//include conftest.c
configure:9458: $? = 0
configure:9472: result: yes
configure:9505: checking for lualib.h
configure:9513: result: yes
configure:9531: checking for exp in -lm
configure:9566: gcc -o conftest -g -O2  -I/home/hub/lua-5.1.4//include  conftest.c -lm  -lpthread -lcrypt  -L/home/hub/lua-5.1.4//lib >&5
conftest.c:47: warning: conflicting types for built-in function 'exp'
configure:9572: $? = 0
configure:9590: result: yes
configure:9597: checking for dlopen in -ldl
configure:9632: gcc -o conftest -g -O2  -I/home/hub/lua-5.1.4//include  conftest.c -ldl  -lpthread -lcrypt  -L/home/hub/lua-5.1.4//lib  -lm >&5
configure:9638: $? = 0
configure:9656: result: yes
configure:9664: checking for luaL_checklstring in -llua
configure:9699: gcc -o conftest -g -O2  -I/home/hub/lua-5.1.4//include  conftest.c -llua  -lpthread -lcrypt  -L/home/hub/lua-5.1.4//lib  -lm -ldl >&5
configure:9705: $? = 0
configure:9724: result: yes
configure:9734: checking for lua_call in -llua
configure:9769: gcc -o conftest -g -O2  -I/home/hub/lua-5.1.4//include  conftest.c -llua -L/home/hub/lua-5.1.4//lib  -lm -ldl -lpthread -lcrypt  -L/home/hub/lua-5.1.4//lib  -lm -ldl >&5
configure:9775: $? = 0
configure:9794: result: yes
configure:9810: checking for liblua version 5.0.x
configure:9852: gcc -o conftest -g -O2  -I/home/hub/lua-5.1.4//include  conftest.c -L/home/hub/lua-5.1.4//lib -llua  -lm -ldl -lpthread -lcrypt  >&5
configure:9855: $? = 0
configure:9861: ./conftest
configure:9864: $? = 1
configure: program exited with status 1
configure: failed program was:
| /* confdefs.h.  */
| #define PACKAGE_NAME "Aquila"
| #define PACKAGE_TARNAME "aquila"
| #define PACKAGE_VERSION "0.1.11-pre2-beta3"
| #define PACKAGE_STRING "Aquila 0.1.11-pre2-beta3"
| #define PACKAGE_BUGREPORT "jove@users.berlios.de"
| #define PACKAGE "aquila"
| #define VERSION "0.1.11-pre2-beta3"
| #define ENABLE_NLS 1
| #define HAVE_GETTEXT 1
| #define HAVE_DCGETTEXT 1
| #define HAVE_LIBCRYPT 1
| #define HAVE_LIBPTHREAD 1
| #define HAVE_FCNTL_H 1
| #define HAVE_INTTYPES_H 1
| #define HAVE_STDINT_H 1
| #define HAVE_STDLIB_H 1
| #define HAVE_STRING_H 1
| #define HAVE_STRINGS_H 1
| #define HAVE_SYS_TIME_H 1
| #define HAVE_UNISTD_H 1
| #define HAVE_CRYPT_H 1
| #define HAVE_STRING_H 1
| #define HAVE_MEMORY_H 1
| #define HAVE_STDLIB_H 1
| #define HAVE_MALLOC_H 1
| #define HAVE_ARPA_INET_H 1
| #define HAVE_NETDB_H 1
| #define HAVE_NETINET_IN_H 1
| #define HAVE_NETINET_TCP_H 1
| #define HAVE_SYS_SOCKET_H 1
| #define HAVE_LOCALE_H 1
| #define HAVE_SYS_EPOLL_H 1
| #define HAVE_SYS_POLL_H 1
| #define HAVE_GEOIP_H 1
| #define HAVE_ZLIB_H 1
| #define HAVE_LUA_H 1
| #define HAVE_LUALIB_H 1
| /* end confdefs.h.  */
| 
| 
| 			#include <lua.h>
| 			#include <stdlib.h>
| 			#include <string.h>
| 			#include <stdio.h>
| 
| 			int main()
| 			{
| 			    printf("(found %s)... ", LUA_VERSION);
| 			    if(strstr (LUA_VERSION, "5.0"))
| 			        exit(EXIT_SUCCESS);
| 			    exit(EXIT_FAILURE);
| 			}
| 
| 
configure:9877: result: no
configure:9891: checking for liblua version 5.1.x
configure:9933: gcc -o conftest -g -O2  -I/home/hub/lua-5.1.4//include  conftest.c -L/home/hub/lua-5.1.4//lib -llua  -lm -ldl -lpthread -lcrypt  >&5
configure:9936: $? = 0
configure:9942: ./conftest
configure:9945: $? = 0
configure:9948: result: yes
configure:10015: checking for an ANSI C-conforming const
configure:10090: gcc -c -g -O2  conftest.c >&5
configure:10096: $? = 0
configure:10111: result: yes
configure:10121: checking for inline
configure:10147: gcc -c -g -O2  conftest.c >&5
configure:10153: $? = 0
configure:10171: result: inline
configure:10190: checking for size_t
configure:10220: gcc -c -g -O2  conftest.c >&5
configure:10226: $? = 0
configure:10241: result: yes
configure:10253: checking whether time.h and sys/time.h may both be included
configure:10283: gcc -c -g -O2  conftest.c >&5
configure:10289: $? = 0
configure:10304: result: yes
configure:10324: checking for error_at_line
configure:10350: gcc -o conftest -g -O2   conftest.c -lpthread -lcrypt  >&5
configure:10356: $? = 0
configure:10373: result: yes
configure:10389: checking for stdlib.h
configure:10395: result: yes
configure:10529: checking for GNU libc compatible malloc
configure:10563: gcc -o conftest -g -O2   conftest.c -lpthread -lcrypt  >&5
configure:10566: $? = 0
configure:10572: ./conftest
configure:10575: $? = 0
configure:10591: result: yes
configure:10619: checking for working memcmp
configure:10672: gcc -o conftest -g -O2   conftest.c -lpthread -lcrypt  >&5
configure:10675: $? = 0
configure:10681: ./conftest
configure:10684: $? = 0
configure:10700: result: yes
configure:10725: checking sys/select.h usability
configure:10742: gcc -c -g -O2  conftest.c >&5
configure:10748: $? = 0
configure:10762: result: yes
configure:10766: checking sys/select.h presence
configure:10781: gcc -E  conftest.c
configure:10787: $? = 0
configure:10801: result: yes
configure:10834: checking for sys/select.h
configure:10842: result: yes
configure:10715: checking for sys/socket.h
configure:10721: result: yes
configure:10855: checking types of arguments for select
configure:10893: gcc -c -g -O2  conftest.c >&5
configure:10899: $? = 0
configure:10920: result: int,fd_set *,struct timeval *
configure:10943: checking return type of signal handlers
configure:10971: gcc -c -g -O2  conftest.c >&5
conftest.c: In function 'main':
conftest.c:55: error: void value not ignored as it ought to be
configure:10977: $? = 1
configure: failed program was:
| /* confdefs.h.  */
| #define PACKAGE_NAME "Aquila"
| #define PACKAGE_TARNAME "aquila"
| #define PACKAGE_VERSION "0.1.11-pre2-beta3"
| #define PACKAGE_STRING "Aquila 0.1.11-pre2-beta3"
| #define PACKAGE_BUGREPORT "jove@users.berlios.de"
| #define PACKAGE "aquila"
| #define VERSION "0.1.11-pre2-beta3"
| #define ENABLE_NLS 1
| #define HAVE_GETTEXT 1
| #define HAVE_DCGETTEXT 1
| #define HAVE_LIBCRYPT 1
| #define HAVE_LIBPTHREAD 1
| #define HAVE_FCNTL_H 1
| #define HAVE_INTTYPES_H 1
| #define HAVE_STDINT_H 1
| #define HAVE_STDLIB_H 1
| #define HAVE_STRING_H 1
| #define HAVE_STRINGS_H 1
| #define HAVE_SYS_TIME_H 1
| #define HAVE_UNISTD_H 1
| #define HAVE_CRYPT_H 1
| #define HAVE_STRING_H 1
| #define HAVE_MEMORY_H 1
| #define HAVE_STDLIB_H 1
| #define HAVE_MALLOC_H 1
| #define HAVE_ARPA_INET_H 1
| #define HAVE_NETDB_H 1
| #define HAVE_NETINET_IN_H 1
| #define HAVE_NETINET_TCP_H 1
| #define HAVE_SYS_SOCKET_H 1
| #define HAVE_LOCALE_H 1
| #define HAVE_SYS_EPOLL_H 1
| #define HAVE_SYS_POLL_H 1
| #define HAVE_GEOIP_H 1
| #define HAVE_ZLIB_H 1
| #define HAVE_LUA_H 1
| #define HAVE_LUALIB_H 1
| #define LUAVERSION 51
| #define TIME_WITH_SYS_TIME 1
| #define HAVE_STDLIB_H 1
| #define HAVE_MALLOC 1
| #define HAVE_SYS_SELECT_H 1
| #define HAVE_SYS_SOCKET_H 1
| #define SELECT_TYPE_ARG1 int
| #define SELECT_TYPE_ARG234 (fd_set *)
| #define SELECT_TYPE_ARG5 (struct timeval *)
| /* end confdefs.h.  */
| #include <sys/types.h>
| #include <signal.h>
| 
| int
| main ()
| {
| return *(signal (0, 0)) (0) == 1;
|   ;
|   return 0;
| }
configure:10992: result: void
configure:11000: checking whether lstat dereferences a symlink specified with a trailing slash
configure:11036: gcc -o conftest -g -O2   conftest.c -lpthread -lcrypt  >&5
conftest.c: In function 'main':
conftest.c:86: error: storage size of 'sbuf' isn't known
configure:11039: $? = 1
configure: program exited with status 1
configure: failed program was:
| /* confdefs.h.  */
| #define PACKAGE_NAME "Aquila"
| #define PACKAGE_TARNAME "aquila"
| #define PACKAGE_VERSION "0.1.11-pre2-beta3"
| #define PACKAGE_STRING "Aquila 0.1.11-pre2-beta3"
| #define PACKAGE_BUGREPORT "jove@users.berlios.de"
| #define PACKAGE "aquila"
| #define VERSION "0.1.11-pre2-beta3"
| #define ENABLE_NLS 1
| #define HAVE_GETTEXT 1
| #define HAVE_DCGETTEXT 1
| #define HAVE_LIBCRYPT 1
| #define HAVE_LIBPTHREAD 1
| #define HAVE_FCNTL_H 1
| #define HAVE_INTTYPES_H 1
| #define HAVE_STDINT_H 1
| #define HAVE_STDLIB_H 1
| #define HAVE_STRING_H 1
| #define HAVE_STRINGS_H 1
| #define HAVE_SYS_TIME_H 1
| #define HAVE_UNISTD_H 1
| #define HAVE_CRYPT_H 1
| #define HAVE_STRING_H 1
| #define HAVE_MEMORY_H 1
| #define HAVE_STDLIB_H 1
| #define HAVE_MALLOC_H 1
| #define HAVE_ARPA_INET_H 1
| #define HAVE_NETDB_H 1
| #define HAVE_NETINET_IN_H 1
| #define HAVE_NETINET_TCP_H 1
| #define HAVE_SYS_SOCKET_H 1
| #define HAVE_LOCALE_H 1
| #define HAVE_SYS_EPOLL_H 1
| #define HAVE_SYS_POLL_H 1
| #define HAVE_GEOIP_H 1
| #define HAVE_ZLIB_H 1
| #define HAVE_LUA_H 1
| #define HAVE_LUALIB_H 1
| #define LUAVERSION 51
| #define TIME_WITH_SYS_TIME 1
| #define HAVE_STDLIB_H 1
| #define HAVE_MALLOC 1
| #define HAVE_SYS_SELECT_H 1
| #define HAVE_SYS_SOCKET_H 1
| #define SELECT_TYPE_ARG1 int
| #define SELECT_TYPE_ARG234 (fd_set *)
| #define SELECT_TYPE_ARG5 (struct timeval *)
| #define RETSIGTYPE void
| /* end confdefs.h.  */
| #include <stdio.h>
| #ifdef HAVE_SYS_TYPES_H
| # include <sys/types.h>
| #endif
| #ifdef HAVE_SYS_STAT_H
| # include <sys/stat.h>
| #endif
| #ifdef STDC_HEADERS
| # include <stdlib.h>
| # include <stddef.h>
| #else
| # ifdef HAVE_STDLIB_H
| #  include <stdlib.h>
| # endif
| #endif
| #ifdef HAVE_STRING_H
| # if !defined STDC_HEADERS && defined HAVE_MEMORY_H
| #  include <memory.h>
| # endif
| # include <string.h>
| #endif
| #ifdef HAVE_STRINGS_H
| # include <strings.h>
| #endif
| #ifdef HAVE_INTTYPES_H
| # include <inttypes.h>
| #endif
| #ifdef HAVE_STDINT_H
| # include <stdint.h>
| #endif
| #ifdef HAVE_UNISTD_H
| # include <unistd.h>
| #endif
| int
| main ()
| {
| struct stat sbuf;
|      /* Linux will dereference the symlink and fail.
| 	That is better in the sense that it means we will not
| 	have to compile and use the lstat wrapper.  */
|      return lstat ("conftest.sym/", &sbuf) == 0;
|   ;
|   return 0;
| }
configure:11071: result: no
configure:11090: checking whether stat accepts an empty string
configure:11120: gcc -o conftest -g -O2   conftest.c -lpthread -lcrypt  >&5
conftest.c: In function 'main':
conftest.c:86: error: storage size of 'sbuf' isn't known
configure:11123: $? = 1
configure: program exited with status 1
configure: failed program was:
| /* confdefs.h.  */
| #define PACKAGE_NAME "Aquila"
| #define PACKAGE_TARNAME "aquila"
| #define PACKAGE_VERSION "0.1.11-pre2-beta3"
| #define PACKAGE_STRING "Aquila 0.1.11-pre2-beta3"
| #define PACKAGE_BUGREPORT "jove@users.berlios.de"
| #define PACKAGE "aquila"
| #define VERSION "0.1.11-pre2-beta3"
| #define ENABLE_NLS 1
| #define HAVE_GETTEXT 1
| #define HAVE_DCGETTEXT 1
| #define HAVE_LIBCRYPT 1
| #define HAVE_LIBPTHREAD 1
| #define HAVE_FCNTL_H 1
| #define HAVE_INTTYPES_H 1
| #define HAVE_STDINT_H 1
| #define HAVE_STDLIB_H 1
| #define HAVE_STRING_H 1
| #define HAVE_STRINGS_H 1
| #define HAVE_SYS_TIME_H 1
| #define HAVE_UNISTD_H 1
| #define HAVE_CRYPT_H 1
| #define HAVE_STRING_H 1
| #define HAVE_MEMORY_H 1
| #define HAVE_STDLIB_H 1
| #define HAVE_MALLOC_H 1
| #define HAVE_ARPA_INET_H 1
| #define HAVE_NETDB_H 1
| #define HAVE_NETINET_IN_H 1
| #define HAVE_NETINET_TCP_H 1
| #define HAVE_SYS_SOCKET_H 1
| #define HAVE_LOCALE_H 1
| #define HAVE_SYS_EPOLL_H 1
| #define HAVE_SYS_POLL_H 1
| #define HAVE_GEOIP_H 1
| #define HAVE_ZLIB_H 1
| #define HAVE_LUA_H 1
| #define HAVE_LUALIB_H 1
| #define LUAVERSION 51
| #define TIME_WITH_SYS_TIME 1
| #define HAVE_STDLIB_H 1
| #define HAVE_MALLOC 1
| #define HAVE_SYS_SELECT_H 1
| #define HAVE_SYS_SOCKET_H 1
| #define SELECT_TYPE_ARG1 int
| #define SELECT_TYPE_ARG234 (fd_set *)
| #define SELECT_TYPE_ARG5 (struct timeval *)
| #define RETSIGTYPE void
| /* end confdefs.h.  */
| #include <stdio.h>
| #ifdef HAVE_SYS_TYPES_H
| # include <sys/types.h>
| #endif
| #ifdef HAVE_SYS_STAT_H
| # include <sys/stat.h>
| #endif
| #ifdef STDC_HEADERS
| # include <stdlib.h>
| # include <stddef.h>
| #else
| # ifdef HAVE_STDLIB_H
| #  include <stdlib.h>
| # endif
| #endif
| #ifdef HAVE_STRING_H
| # if !defined STDC_HEADERS && defined HAVE_MEMORY_H
| #  include <memory.h>
| # endif
| # include <string.h>
| #endif
| #ifdef HAVE_STRINGS_H
| # include <strings.h>
| #endif
| #ifdef HAVE_INTTYPES_H
| # include <inttypes.h>
| #endif
| #ifdef HAVE_STDINT_H
| # include <stdint.h>
| #endif
| #ifdef HAVE_UNISTD_H
| # include <unistd.h>
| #endif
| int
| main ()
| {
| struct stat sbuf;
|   return stat ("", &sbuf) == 0;
|   ;
|   return 0;
| }
configure:11148: result: yes
configure:11182: checking for gettimeofday
configure:11238: gcc -o conftest -g -O2   conftest.c -lpthread -lcrypt  >&5
configure:11244: $? = 0
configure:11262: result: yes
configure:11182: checking for inet_ntoa
configure:11238: gcc -o conftest -g -O2   conftest.c -lpthread -lcrypt  >&5
configure:11244: $? = 0
configure:11262: result: yes
configure:11182: checking for memset
configure:11238: gcc -o conftest -g -O2   conftest.c -lpthread -lcrypt  >&5
conftest.c:76: warning: conflicting types for built-in function 'memset'
configure:11244: $? = 0
configure:11262: result: yes
configure:11182: checking for select
configure:11238: gcc -o conftest -g -O2   conftest.c -lpthread -lcrypt  >&5
configure:11244: $? = 0
configure:11262: result: yes
configure:11182: checking for socket
configure:11238: gcc -o conftest -g -O2   conftest.c -lpthread -lcrypt  >&5
configure:11244: $? = 0
configure:11262: result: yes
configure:11182: checking for strcasecmp
configure:11238: gcc -o conftest -g -O2   conftest.c -lpthread -lcrypt  >&5
conftest.c:79: warning: conflicting types for built-in function 'strcasecmp'
configure:11244: $? = 0
configure:11262: result: yes
configure:11182: checking for strchr
configure:11238: gcc -o conftest -g -O2   conftest.c -lpthread -lcrypt  >&5
conftest.c:80: warning: conflicting types for built-in function 'strchr'
configure:11244: $? = 0
configure:11262: result: yes
configure:11182: checking for strdup
configure:11238: gcc -o conftest -g -O2   conftest.c -lpthread -lcrypt  >&5
conftest.c:81: warning: conflicting types for built-in function 'strdup'
configure:11244: $? = 0
configure:11262: result: yes
configure:11182: checking for strerror
configure:11238: gcc -o conftest -g -O2   conftest.c -lpthread -lcrypt  >&5
configure:11244: $? = 0
configure:11262: result: yes
configure:11182: checking for strncasecmp
configure:11238: gcc -o conftest -g -O2   conftest.c -lpthread -lcrypt  >&5
conftest.c:83: warning: conflicting types for built-in function 'strncasecmp'
configure:11244: $? = 0
configure:11262: result: yes
configure:11182: checking for strstr
configure:11238: gcc -o conftest -g -O2   conftest.c -lpthread -lcrypt  >&5
conftest.c:84: warning: conflicting types for built-in function 'strstr'
configure:11244: $? = 0
configure:11262: result: yes
configure:11182: checking for strtol
configure:11238: gcc -o conftest -g -O2   conftest.c -lpthread -lcrypt  >&5
configure:11244: $? = 0
configure:11262: result: yes
configure:11182: checking for memcpy
configure:11238: gcc -o conftest -g -O2   conftest.c -lpthread -lcrypt  >&5
conftest.c:86: warning: conflicting types for built-in function 'memcpy'
configure:11244: $? = 0
configure:11262: result: yes
configure:11182: checking for strcasestr
configure:11238: gcc -o conftest -g -O2   conftest.c -lpthread -lcrypt  >&5
configure:11244: $? = 0
configure:11262: result: yes
configure:11182: checking for mallinfo
configure:11238: gcc -o conftest -g -O2   conftest.c -lpthread -lcrypt  >&5
configure:11244: $? = 0
configure:11262: result: yes
configure:11276: checking for memset
configure:11356: result: yes
configure:11375: checking for socklen_t
configure:11405: gcc -c -g -O2  conftest.c >&5
configure:11411: $? = 0
configure:11426: result: yes
configure:11435: checking for h_errno declaration in netdb.h
configure:11464: gcc -c -g -O2  conftest.c >&5
configure:11470: $? = 0
configure:11485: result: yes
configure:11503: checking for getaddrinfo
configure:11559: gcc -o conftest -g -O2   conftest.c -lpthread -lcrypt  >&5
configure:11565: $? = 0
configure:11583: result: yes
configure:11503: checking for getnameinfo
configure:11559: gcc -o conftest -g -O2   conftest.c -lpthread -lcrypt  >&5
configure:11565: $? = 0
configure:11583: result: yes
configure:11621: checking for epoll_wait
configure:11677: gcc -o conftest -g -O2   conftest.c -lpthread -lcrypt  >&5
configure:11683: $? = 0
configure:11701: result: yes
configure:11715: checking if epoll_wait implemented
configure:11756: gcc -o conftest -g -O2   conftest.c -lpthread -lcrypt  >&5
conftest.c: In function 'main':
conftest.c:83: warning: incompatible implicit declaration of built-in function 'exit'
conftest.c:85: warning: incompatible implicit declaration of built-in function 'exit'
configure:11759: $? = 0
configure:11765: ./conftest
configure:11768: $? = 0
configure:11770: result: yes
configure:11800: checking for poll
configure:11856: gcc -o conftest -g -O2   conftest.c -lpthread -lcrypt  >&5
configure:11862: $? = 0
configure:11880: result: yes
configure:12359: creating ./config.status

## ---------------------- ##
## Running config.status. ##
## ---------------------- ##

This file was extended by Aquila config.status 0.1.11-pre2-beta3, which was
generated by GNU Autoconf 2.61.  Invocation command line was

  CONFIG_FILES    = 
  CONFIG_HEADERS  = 
  CONFIG_LINKS    = 
  CONFIG_COMMANDS = 
  $ ./config.status 

on 4242.hu

config.status:748: creating Makefile
config.status:748: creating po/Makefile.in
config.status:748: creating src/Makefile
config.status:748: creating tools/Makefile
config.status:748: creating config.h
config.status:1034: config.h is unchanged
config.status:1080: executing depfiles commands
config.status:1080: executing po-directories commands

## ---------------- ##
## Cache variables. ##
## ---------------- ##

ac_cv_build=x86_64-unknown-linux-gnu
ac_cv_c_compiler_gnu=yes
ac_cv_c_const=yes
ac_cv_c_inline=inline
ac_cv_decl_h_errno=yes
ac_cv_env_CC_set=
ac_cv_env_CC_value=
ac_cv_env_CFLAGS_set=
ac_cv_env_CFLAGS_value=
ac_cv_env_CPPFLAGS_set=
ac_cv_env_CPPFLAGS_value=
ac_cv_env_CPP_set=
ac_cv_env_CPP_value=
ac_cv_env_LDFLAGS_set=
ac_cv_env_LDFLAGS_value=
ac_cv_env_LIBS_set=
ac_cv_env_LIBS_value=
ac_cv_env_build_alias_set=
ac_cv_env_build_alias_value=
ac_cv_env_host_alias_set=
ac_cv_env_host_alias_value=
ac_cv_env_target_alias_set=
ac_cv_env_target_alias_value=
ac_cv_func_epoll_wait=yes
ac_cv_func_getaddrinfo=yes
ac_cv_func_getnameinfo=yes
ac_cv_func_gettimeofday=yes
ac_cv_func_inet_ntoa=yes
ac_cv_func_lstat_dereferences_slashed_symlink=no
ac_cv_func_mallinfo=yes
ac_cv_func_malloc_0_nonnull=yes
ac_cv_func_memcmp_working=yes
ac_cv_func_memcpy=yes
ac_cv_func_memset=yes
ac_cv_func_poll=yes
ac_cv_func_select=yes
ac_cv_func_select_args='int,fd_set *,struct timeval *'
ac_cv_func_socket=yes
ac_cv_func_stat_empty_string_bug=yes
ac_cv_func_strcasecmp=yes
ac_cv_func_strcasestr=yes
ac_cv_func_strchr=yes
ac_cv_func_strdup=yes
ac_cv_func_strerror=yes
ac_cv_func_strncasecmp=yes
ac_cv_func_strstr=yes
ac_cv_func_strtol=yes
ac_cv_header_GeoIP_h=yes
ac_cv_header_arpa_inet_h=yes
ac_cv_header_crypt_h=yes
ac_cv_header_fcntl_h=yes
ac_cv_header_inttypes_h=yes
ac_cv_header_locale_h=yes
ac_cv_header_lua_h=yes
ac_cv_header_lualib_h=yes
ac_cv_header_malloc_h=yes
ac_cv_header_memory_h=yes
ac_cv_header_netdb_h=yes
ac_cv_header_netinet_in_h=yes
ac_cv_header_netinet_tcp_h=yes
ac_cv_header_stdc=no
ac_cv_header_stdint_h=yes
ac_cv_header_stdlib_h=yes
ac_cv_header_string_h=yes
ac_cv_header_strings_h=yes
ac_cv_header_sys_epoll_h=yes
ac_cv_header_sys_poll_h=yes
ac_cv_header_sys_select_h=yes
ac_cv_header_sys_socket_h=yes
ac_cv_header_sys_time_h=yes
ac_cv_header_time=yes
ac_cv_header_unistd_h=yes
ac_cv_header_zlib_h=yes
ac_cv_host=x86_64-unknown-linux-gnu
ac_cv_lib_GeoIP_GeoIP_id_by_ipnum=yes
ac_cv_lib_crypt_crypt=yes
ac_cv_lib_dl_dlopen=yes
ac_cv_lib_error_at_line=yes
ac_cv_lib_lua___luaL_checklstring=yes
ac_cv_lib_lua___lua_call=yes
ac_cv_lib_m_exp=yes
ac_cv_lib_pthread_pthread_create=yes
ac_cv_lib_z_deflate=yes
ac_cv_objext=o
ac_cv_path_GMSGFMT=/usr/bin/msgfmt
ac_cv_path_MSGFMT=/usr/bin/msgfmt
ac_cv_path_MSGMERGE=/usr/bin/msgmerge
ac_cv_path_XGETTEXT=/usr/bin/xgettext
ac_cv_path_install='/usr/bin/install -c'
ac_cv_prog_AWK=mawk
ac_cv_prog_CPP='gcc -E'
ac_cv_prog_ac_ct_CC=gcc
ac_cv_prog_ac_ct_GDB=gdb
ac_cv_prog_ac_ct_GPROF=gprof
ac_cv_prog_ac_ct_STRIP=strip
ac_cv_prog_cc_c89=
ac_cv_prog_cc_g=yes
ac_cv_prog_cc_gcc_c_o=yes
ac_cv_prog_make_make_set=yes
ac_cv_type_signal=void
ac_cv_type_size_t=yes
ac_cv_type_socklen_t=yes
acl_cv_hardcode_direct=no
acl_cv_hardcode_libdir_flag_spec='${wl}-rpath ${wl}$libdir'
acl_cv_hardcode_libdir_separator=
acl_cv_hardcode_minus_L=no
acl_cv_libext=a
acl_cv_path_LD=/usr/bin/ld
acl_cv_prog_gnu_ld=yes
acl_cv_rpath=done
acl_cv_shlibext=so
acl_cv_wl=-Wl,
am_cv_CC_dependencies_compiler_type=gcc3
gt_cv_func_CFLocaleCopyCurrent=no
gt_cv_func_CFPreferencesCopyAppValue=no
gt_cv_func_gnugettext2_libc=yes

## ----------------- ##
## Output variables. ##
## ----------------- ##

ACLOCAL='${SHELL} /home/hub/aquila/src/aquila-0.1.11-pre2-beta3/missing --run aclocal-1.9'
ALLOW_EPOLL='-DALLOW_EPOLL'
ALLOW_IOCP=''
ALLOW_POLL='-DALLOW_POLL'
ALLOW_SELECT='1'
AMDEPBACKSLASH='\'
AMDEP_FALSE='#'
AMDEP_TRUE=''
AMTAR='${SHELL} /home/hub/aquila/src/aquila-0.1.11-pre2-beta3/missing --run tar'
AUTOCONF='${SHELL} /home/hub/aquila/src/aquila-0.1.11-pre2-beta3/missing --run autoconf'
AUTOHEADER='${SHELL} /home/hub/aquila/src/aquila-0.1.11-pre2-beta3/missing --run autoheader'
AUTOMAKE='${SHELL} /home/hub/aquila/src/aquila-0.1.11-pre2-beta3/missing --run automake-1.9'
AWK='mawk'
CC='gcc'
CCDEPMODE='depmode=gcc3'
CFLAGS='-g -O2'
CPP='gcc -E'
CPPFLAGS=''
CYGPATH_W='echo'
CYGWIN_CFLAGS=''
CYGWIN_LDFLAGS=''
DEBUG_FALSE=''
DEBUG_TRUE='#'
DEFS='-DHAVE_CONFIG_H'
DEPDIR='.deps'
ECHO_C=''
ECHO_N='-n'
ECHO_T=''
EGREP=''
ENABLE_NLS_FALSE='#'
ENABLE_NLS_TRUE=''
EPOLL_FALSE='#'
EPOLL_TRUE=''
EXEEXT=''
GCC_CFLAGS='-Wall -Wextra -Wno-pointer-sign -Wno-unused-parameter'
GDB='gdb'
GEOIP='-DGEOIP'
GEOIP_INCLUDES=''
GEOIP_LIBS=' -lGeoIP'
GETADDRINFO_FALSE=''
GETADDRINFO_TRUE='#'
GMSGFMT='/usr/bin/msgfmt'
GMSGFMT_015='/usr/bin/msgfmt'
GPROF='gprof'
GREP=''
INSTALL_DATA='${INSTALL} -m 644'
INSTALL_PROGRAM='${INSTALL}'
INSTALL_SCRIPT='${INSTALL}'
INSTALL_STRIP_PROGRAM='${SHELL} $(install_sh) -c -s'
INTLLIBS=''
INTL_MACOSX_LIBS=''
IOCP_FALSE=''
IOCP_TRUE='#'
LDFLAGS=''
LIBICONV='-liconv'
LIBINTL=''
LIBOBJS=' ${LIBOBJDIR}lstat$U.o ${LIBOBJDIR}stat$U.o'
LIBS='-lpthread -lcrypt '
LTLIBICONV='-liconv'
LTLIBINTL=''
LTLIBOBJS=' ${LIBOBJDIR}lstat$U.lo ${LIBOBJDIR}stat$U.lo'
LUALIB='-L/home/hub/lua-5.1.4//lib -llua  -lm -ldl'
LUA_FALSE='#'
LUA_INCLUDES='-I/home/hub/lua-5.1.4//include'
LUA_TRUE=''
MAKEINFO='${SHELL} /home/hub/aquila/src/aquila-0.1.11-pre2-beta3/missing --run makeinfo'
MSGFMT='/usr/bin/msgfmt'
MSGFMT_015='/usr/bin/msgfmt'
MSGMERGE='/usr/bin/msgmerge'
OBJEXT='o'
PACKAGE='aquila'
PACKAGE_BUGREPORT='jove@users.berlios.de'
PACKAGE_NAME='Aquila'
PACKAGE_STRING='Aquila 0.1.11-pre2-beta3'
PACKAGE_TARNAME='aquila'
PACKAGE_VERSION='0.1.11-pre2-beta3'
PATH_SEPARATOR=':'
PLUGIN_CHATLOG='-DPLUGIN_CHATLOG'
PLUGIN_CHATLOG_FALSE='#'
PLUGIN_CHATLOG_TRUE=''
PLUGIN_CHATROOM='-DPLUGIN_CHATROOM'
PLUGIN_CHATROOM_FALSE='#'
PLUGIN_CHATROOM_TRUE=''
PLUGIN_CONFIGLOCK=''
PLUGIN_CONFIGLOCK_FALSE=''
PLUGIN_CONFIGLOCK_TRUE='#'
PLUGIN_HUBLIST='-DPLUGIN_HUBLIST'
PLUGIN_HUBLIST_FALSE='#'
PLUGIN_HUBLIST_TRUE=''
PLUGIN_IPLOG='-DPLUGIN_IPLOG'
PLUGIN_IPLOG_FALSE='#'
PLUGIN_IPLOG_TRUE=''
PLUGIN_LUA='-DPLUGIN_LUA'
PLUGIN_LUA_FALSE='#'
PLUGIN_LUA_TRUE=''
PLUGIN_RRD=''
PLUGIN_RRD_FALSE=''
PLUGIN_RRD_TRUE='#'
PLUGIN_RSS='-DPLUGIN_RSS'
PLUGIN_RSS_FALSE='#'
PLUGIN_RSS_TRUE=''
PLUGIN_STATBOT='-DPLUGIN_STATBOT'
PLUGIN_STATBOT_FALSE='#'
PLUGIN_STATBOT_TRUE=''
PLUGIN_STATISTICS='-DPLUGIN_STATISTICS'
PLUGIN_STATISTICS_FALSE='#'
PLUGIN_STATISTICS_TRUE=''
PLUGIN_TRIGGER='-DPLUGIN_TRIGGER'
PLUGIN_TRIGGER_FALSE='#'
PLUGIN_TRIGGER_TRUE=''
PLUGIN_USER='-DPLUGIN_USER'
PLUGIN_USER_FALSE='#'
PLUGIN_USER_TRUE=''
POLL_FALSE=''
POLL_TRUE='#'
POSUB='po'
RRD_INCLUDES=''
RRD_LIBS=''
SELECT_FALSE=''
SELECT_TRUE='#'
SET_MAKE=''
SHELL='/bin/sh'
STRIP='strip'
USE_EPOLL='1'
USE_IOCP=''
USE_NLS='yes'
USE_POLL=''
USE_PTHREADDNS_FALSE='#'
USE_PTHREADDNS_TRUE=''
USE_SELECT=''
USE_WINDOWS_FALSE=''
USE_WINDOWS_TRUE='#'
VERSION='0.1.11-pre2-beta3'
XGETTEXT='/usr/bin/xgettext'
XGETTEXT_015='/usr/bin/xgettext'
ZLIB='-lz'
ZLINE='-DZLINES'
ac_ct_CC='gcc'
am__fastdepCC_FALSE='#'
am__fastdepCC_TRUE=''
am__include='include'
am__leading_dot='.'
am__quote=''
am__tar='${AMTAR} chof - "$$tardir"'
am__untar='${AMTAR} xf -'
bindir='${exec_prefix}/bin'
build='x86_64-unknown-linux-gnu'
build_alias=''
build_cpu='x86_64'
build_os='linux-gnu'
build_vendor='unknown'
datadir='${datarootdir}'
datarootdir='${prefix}/share'
docdir='${datarootdir}/doc/${PACKAGE_TARNAME}'
dvidir='${docdir}'
exec_prefix='${prefix}'
host='x86_64-unknown-linux-gnu'
host_alias=''
host_cpu='x86_64'
host_os='linux-gnu'
host_vendor='unknown'
htmldir='${docdir}'
includedir='${prefix}/include'
infodir='${datarootdir}/info'
install_sh='/home/hub/aquila/src/aquila-0.1.11-pre2-beta3/install-sh'
libdir='${exec_prefix}/lib'
libexecdir='${exec_prefix}/libexec'
localedir='${datarootdir}/locale'
localstatedir='${prefix}/var'
mandir='${datarootdir}/man'
mkdir_p='mkdir -p --'
oldincludedir='/usr/include'
pdfdir='${docdir}'
prefix='/home/hub/aquila/run'
program_transform_name='s,x,x,'
psdir='${docdir}'
sbindir='${exec_prefix}/sbin'
sharedstatedir='${prefix}/com'
sysconfdir='${prefix}/etc'
target_alias=''

## ----------- ##
## confdefs.h. ##
## ----------- ##

#define PACKAGE_NAME "Aquila"
#define PACKAGE_TARNAME "aquila"
#define PACKAGE_VERSION "0.1.11-pre2-beta3"
#define PACKAGE_STRING "Aquila 0.1.11-pre2-beta3"
#define PACKAGE_BUGREPORT "jove@users.berlios.de"
#define PACKAGE "aquila"
#define VERSION "0.1.11-pre2-beta3"
#define ENABLE_NLS 1
#define HAVE_GETTEXT 1
#define HAVE_DCGETTEXT 1
#define HAVE_LIBCRYPT 1
#define HAVE_LIBPTHREAD 1
#define HAVE_FCNTL_H 1
#define HAVE_INTTYPES_H 1
#define HAVE_STDINT_H 1
#define HAVE_STDLIB_H 1
#define HAVE_STRING_H 1
#define HAVE_STRINGS_H 1
#define HAVE_SYS_TIME_H 1
#define HAVE_UNISTD_H 1
#define HAVE_CRYPT_H 1
#define HAVE_STRING_H 1
#define HAVE_MEMORY_H 1
#define HAVE_STDLIB_H 1
#define HAVE_MALLOC_H 1
#define HAVE_ARPA_INET_H 1
#define HAVE_NETDB_H 1
#define HAVE_NETINET_IN_H 1
#define HAVE_NETINET_TCP_H 1
#define HAVE_SYS_SOCKET_H 1
#define HAVE_LOCALE_H 1
#define HAVE_SYS_EPOLL_H 1
#define HAVE_SYS_POLL_H 1
#define HAVE_GEOIP_H 1
#define HAVE_ZLIB_H 1
#define HAVE_LUA_H 1
#define HAVE_LUALIB_H 1
#define LUAVERSION 51
#define TIME_WITH_SYS_TIME 1
#define HAVE_STDLIB_H 1
#define HAVE_MALLOC 1
#define HAVE_SYS_SELECT_H 1
#define HAVE_SYS_SOCKET_H 1
#define SELECT_TYPE_ARG1 int
#define SELECT_TYPE_ARG234 (fd_set *)
#define SELECT_TYPE_ARG5 (struct timeval *)
#define RETSIGTYPE void
#define HAVE_STAT_EMPTY_STRING_BUG 1
#define HAVE_GETTIMEOFDAY 1
#define HAVE_INET_NTOA 1
#define HAVE_MEMSET 1
#define HAVE_SELECT 1
#define HAVE_SOCKET 1
#define HAVE_STRCASECMP 1
#define HAVE_STRCHR 1
#define HAVE_STRDUP 1
#define HAVE_STRERROR 1
#define HAVE_STRNCASECMP 1
#define HAVE_STRSTR 1
#define HAVE_STRTOL 1
#define HAVE_MEMCPY 1
#define HAVE_STRCASESTR 1
#define HAVE_MALLINFO 1
#define HAVE_MEMSET 1
#define H_ERRNO_DECLARED 1
#define HAVE_GETADDRINFO 1
#define HAVE_GETNAMEINFO 1
#define HAVE_EPOLL_WAIT 1
#define HAVE_POLL 1
#define AQVER_MAJOR 0
#define AQVER_MINOR 1
#define AQVER_REV 11
#define AQVER_PRE 2
#define AQVER_BETA 3
#define AQVER_SUB (AQVER_PRE * 1000 + AQVER_BETA)

configure: exit 0
